<?xml version="1.0" encoding="UTF-8"?>
<!-- Generated by org.testng.reporters.JUnitReportReporter -->
<testsuite hostname="Lisandros-MacBook-Pro.local" failures="0" tests="1" name="com_professional.sample_project.PurchasePageTest" time="12.962" errors="0" timestamp="30 Nov 2021 19:50:57 GMT" skipped="0">
  <testcase classname="com_professional.sample_project.PurchasePageTest" name="testPractice" time="12.962"/>
</testsuite> <!-- com_professional.sample_project.PurchasePageTest -->
