<?xml version="1.0" encoding="UTF-8"?>
<!-- Generated by org.testng.reporters.JUnitReportReporter -->
<testsuite skipped="0" hostname="Lisandro-PC" name="com_professional.sample_project.LandingPageTest" tests="1" failures="0" timestamp="04 ago 2020 22:57:33 GMT" time="35.437" errors="0">
  <testcase name="practiceAutomation" time="35.437" classname="com_professional.sample_project.LandingPageTest"/>
</testsuite> <!-- com_professional.sample_project.LandingPageTest -->
