<?xml version="1.0" encoding="UTF-8"?>
<!-- Generated by org.testng.reporters.JUnitReportReporter -->
<testsuite skipped="0" hostname="Lisandro-PC" name="com_professional.sample_project.LandingPageTest" tests="1" failures="0" timestamp="01 ago 2020 22:51:40 GMT" time="12.410" errors="0">
  <testcase name="practiceAutomation" time="12.410" classname="com_professional.sample_project.LandingPageTest"/>
</testsuite> <!-- com_professional.sample_project.LandingPageTest -->
