<?xml version="1.0" encoding="UTF-8"?>
<!-- Generated by org.testng.reporters.JUnitReportReporter -->
<testsuite hostname="Lisandros-MacBook-Pro.local" failures="0" tests="1" name="com_professional.sample_project.LoginTest" time="7.089" errors="0" timestamp="21 Dec 2021 17:36:59 GMT" skipped="0">
  <testcase classname="com_professional.sample_project.LoginTest" name="testPractice" time="7.089"/>
</testsuite> <!-- com_professional.sample_project.LoginTest -->
