<?xml version="1.0" encoding="UTF-8"?>
<!-- Generated by org.testng.reporters.JUnitReportReporter -->
<testsuite hostname="Lisandros-MacBook-Pro.local" failures="0" tests="1" name="com_professional.sample_project.SecondTest" time="0.035" errors="0" timestamp="20 Dec 2021 21:28:30 GMT" skipped="0">
  <testcase classname="com_professional.sample_project.SecondTest" name="testPractice2" time="0.035"/>
</testsuite> <!-- com_professional.sample_project.SecondTest -->
