<?xml version="1.0" encoding="UTF-8"?>
<!-- Generated by org.testng.reporters.JUnitReportReporter -->
<testsuite skipped="0" hostname="Lisandro-PC" name="com_professional.sample_project.LandingPageTest" tests="1" failures="0" timestamp="10 ago 2020 15:36:14 GMT" time="24.428" errors="0">
  <testcase name="testPractice" time="24.428" classname="com_professional.sample_project.LandingPageTest"/>
</testsuite> <!-- com_professional.sample_project.LandingPageTest -->
