<?xml version="1.0" encoding="UTF-8"?>
<!-- Generated by org.testng.reporters.JUnitReportReporter -->
<testsuite skipped="0" hostname="Lisandro-PC" name="com_professional.sample_project.SecondTest" tests="1" failures="0" timestamp="10 ago 2020 17:55:07 GMT" time="27.629" errors="0">
  <testcase name="testPractice2" time="27.629" classname="com_professional.sample_project.SecondTest"/>
</testsuite> <!-- com_professional.sample_project.SecondTest -->
