<?xml version="1.0" encoding="UTF-8"?>
<!-- Generated by org.testng.reporters.JUnitReportReporter -->
<testsuite skipped="0" hostname="Lisandro-PC" name="com_professional.sample_project.SecondTest" tests="1" failures="0" timestamp="19 ago 2020 14:07:46 GMT" time="8.931" errors="0">
  <testcase name="testPractice2" time="8.931" classname="com_professional.sample_project.SecondTest"/>
</testsuite> <!-- com_professional.sample_project.SecondTest -->
