<?xml version="1.0" encoding="UTF-8"?>
<!-- Generated by org.testng.reporters.JUnitReportReporter -->
<testsuite skipped="0" hostname="Lisandro-PC" name="com_professional.sample_project.PurchasePageTest" tests="1" failures="0" timestamp="19 ago 2020 15:32:32 GMT" time="57.481" errors="0">
  <testcase name="testPractice" time="57.481" classname="com_professional.sample_project.PurchasePageTest"/>
</testsuite> <!-- com_professional.sample_project.PurchasePageTest -->
