<?xml version="1.0" encoding="UTF-8"?>
<!-- Generated by org.testng.reporters.JUnitReportReporter -->
<testsuite skipped="0" hostname="Lisandro-PC" name="cucumberOptions.TestRunner" tests="1" failures="0" timestamp="19 ago 2020 16:33:26 GMT" time="115.876" errors="0">
  <testcase name="feature" time="115.876" classname="cucumberOptions.TestRunner"/>
</testsuite> <!-- cucumberOptions.TestRunner -->
