<?xml version="1.0" encoding="UTF-8"?>
<!-- Generated by org.testng.reporters.JUnitReportReporter -->
<testsuite skipped="0" hostname="Lisandro-PC" name="com_professional.sample_project.LandingPageTest" tests="1" failures="0" timestamp="04 ago 2020 23:09:10 GMT" time="21.925" errors="0">
  <testcase name="testPractice" time="21.925" classname="com_professional.sample_project.LandingPageTest"/>
</testsuite> <!-- com_professional.sample_project.LandingPageTest -->
