<?xml version="1.0" encoding="UTF-8"?>
<!-- Generated by org.testng.reporters.JUnitReportReporter -->
<testsuite hostname="Lisandros-MacBook-Pro.local" failures="0" tests="1" name="com_professional.sample_project.PurchasePageTest" time="21.179" errors="0" timestamp="22 Nov 2021 17:42:46 GMT" skipped="0">
  <testcase classname="com_professional.sample_project.PurchasePageTest" name="testPractice" time="21.179"/>
</testsuite> <!-- com_professional.sample_project.PurchasePageTest -->
