<?xml version="1.0" encoding="UTF-8"?>
<!-- Generated by org.testng.reporters.JUnitReportReporter -->
<testsuite hostname="Lisandros-MacBook-Pro.local" failures="0" tests="1" name="com_professional.sample_project.SecondTest" time="12.127" errors="0" timestamp="22 Nov 2021 17:38:18 GMT" skipped="0">
  <testcase classname="com_professional.sample_project.SecondTest" name="testPractice2" time="12.127"/>
</testsuite> <!-- com_professional.sample_project.SecondTest -->
