<?xml version="1.0" encoding="UTF-8"?>
<!-- Generated by org.testng.reporters.JUnitReportReporter -->
<testsuite hostname="Lisandros-MacBook-Pro.local" failures="0" tests="1" name="com_professional.sample_project.SearchItem" time="8.204" errors="0" timestamp="24 Dec 2021 16:47:30 GMT" skipped="0">
  <testcase classname="com_professional.sample_project.SearchItem" name="testPractice" time="8.204"/>
</testsuite> <!-- com_professional.sample_project.SearchItem -->
